<?xml version="1.0" encoding="UTF-8"?>
<testsuite name="com.bridgelabz.censusanalyser.test.CensusAnalyserTest" tests="20" skipped="0" failures="0" errors="0" timestamp="2020-09-11T18:30:52" hostname="DESKTOP-96O27FC" time="0.944">
  <properties/>
  <testcase name="givenIndianCensusCSVFileReturnsCorrectRecords" classname="com.bridgelabz.censusanalyser.test.CensusAnalyserTest" time="0.315"/>
  <testcase name="givenUSCensusData_WhenSortedOnPopulation_ShouldReturnSortResult" classname="com.bridgelabz.censusanalyser.test.CensusAnalyserTest" time="0.018"/>
  <testcase name="givenUSCensusCSVFileReturnsCorrectRecords" classname="com.bridgelabz.censusanalyser.test.CensusAnalyserTest" time="0.031"/>
  <testcase name="givenIndiaCensusData_WithWrongDelimiter_ShouldThrowException" classname="com.bridgelabz.censusanalyser.test.CensusAnalyserTest" time="0.036"/>
  <testcase name="givenIndianCensusData_WhenSortedOnStateCode_ShouldReturnSortResult" classname="com.bridgelabz.censusanalyser.test.CensusAnalyserTest" time="0.003"/>
  <testcase name="givenIndiaStateCodeCensusData_WithWrongDelimiter_ShouldThrowException" classname="com.bridgelabz.censusanalyser.test.CensusAnalyserTest" time="0.001"/>
  <testcase name="givenIndianCensusData_WhenSortedOnPopulation_ShouldReturnSortResult" classname="com.bridgelabz.censusanalyser.test.CensusAnalyserTest" time="0.238"/>
  <testcase name="givenIndianCensusData_WhenSortedOnStateArea_ShouldReturnSortResult" classname="com.bridgelabz.censusanalyser.test.CensusAnalyserTest" time="0.063"/>
  <testcase name="givenUSCensusData_WhenSortedOnPopulationDensity_ShouldReturnSortResult" classname="com.bridgelabz.censusanalyser.test.CensusAnalyserTest" time="0.002"/>
  <testcase name="givenIndiaCensusData_WithWrongFileType_ShouldThrowException" classname="com.bridgelabz.censusanalyser.test.CensusAnalyserTest" time="0.002"/>
  <testcase name="givenUSCensusData_WhenSortedOnState_ShouldReturnSortResult" classname="com.bridgelabz.censusanalyser.test.CensusAnalyserTest" time="0.004"/>
  <testcase name="givenIndiaStateCodeCensusData_WithWrongFileType_ShouldThrowException" classname="com.bridgelabz.censusanalyser.test.CensusAnalyserTest" time="0.001"/>
  <testcase name="givenUSCensusData_WhenSortedOnArea_ShouldReturnSortResult" classname="com.bridgelabz.censusanalyser.test.CensusAnalyserTest" time="0.002"/>
  <testcase name="givenIndiaStateCodeCensusData_WithWrongFile_ShouldThrowException" classname="com.bridgelabz.censusanalyser.test.CensusAnalyserTest" time="0.001"/>
  <testcase name="givenIndiaCensusData_WithWrongHeader_ShouldThrowException" classname="com.bridgelabz.censusanalyser.test.CensusAnalyserTest" time="0.004"/>
  <testcase name="givenIndiaCensusData_WithWrongFile_ShouldThrowException" classname="com.bridgelabz.censusanalyser.test.CensusAnalyserTest" time="0.001"/>
  <testcase name="givenIndianCensusData_WhenSortedOnPopulationDensity_ShouldReturnSortResult" classname="com.bridgelabz.censusanalyser.test.CensusAnalyserTest" time="0.124"/>
  <testcase name="givenIndianCensusData_WhenSortedOnState_ShouldReturnSortResult" classname="com.bridgelabz.censusanalyser.test.CensusAnalyserTest" time="0.063"/>
  <testcase name="givenIndiaStateCodeCensusData_WithWrongHeader_ShouldThrowException" classname="com.bridgelabz.censusanalyser.test.CensusAnalyserTest" time="0.001"/>
  <testcase name="givenIndianStateCodeCensusCSVFileShouldReturnsCorrectRecords" classname="com.bridgelabz.censusanalyser.test.CensusAnalyserTest" time="0.007"/>
  <system-out><![CDATA[IndiaCensusCSV{State='Uttar Pradesh', Population='199812341', AreaInSqKm='240928', DensityPerSqKm='828'}
IndiaCensusCSV{State='Rajasthan', Population='68621012', AreaInSqKm='342239', DensityPerSqKm='201'}
IndiaCensusCSV{State='Bihar', Population='103804637', AreaInSqKm='94163', DensityPerSqKm='1102'}
IndiaCensusCSV{State='Andhra Pradesh', Population='49386799', AreaInSqKm='162968', DensityPerSqKm='303'}
]]></system-out>
  <system-err><![CDATA[com.bridgelabz.censusanalyser.exception.CensusAnalyserException: Error capturing CSV header!
	at com.bridgelabz.censusanalyser.service.CensusLoader.loadCsvData(CensusLoader.java:47)
	at com.bridgelabz.censusanalyser.service.StateCensusAnalyser.loadUSCensusData(StateCensusAnalyser.java:34)
	at com.bridgelabz.censusanalyser.test.CensusAnalyserTest.givenUSCensusCSVFileReturnsCorrectRecords(CensusAnalyserTest.java:226)
	at sun.reflect.NativeMethodAccessorImpl.invoke0(Native Method)
	at sun.reflect.NativeMethodAccessorImpl.invoke(NativeMethodAccessorImpl.java:62)
	at sun.reflect.DelegatingMethodAccessorImpl.invoke(DelegatingMethodAccessorImpl.java:43)
	at java.lang.reflect.Method.invoke(Method.java:498)
	at org.junit.runners.model.FrameworkMethod$1.runReflectiveCall(FrameworkMethod.java:50)
	at org.junit.internal.runners.model.ReflectiveCallable.run(ReflectiveCallable.java:12)
	at org.junit.runners.model.FrameworkMethod.invokeExplosively(FrameworkMethod.java:47)
	at org.junit.internal.runners.statements.InvokeMethod.evaluate(InvokeMethod.java:17)
	at org.junit.runners.ParentRunner.runLeaf(ParentRunner.java:325)
	at org.junit.runners.BlockJUnit4ClassRunner.runChild(BlockJUnit4ClassRunner.java:78)
	at org.junit.runners.BlockJUnit4ClassRunner.runChild(BlockJUnit4ClassRunner.java:57)
	at org.junit.runners.ParentRunner$3.run(ParentRunner.java:290)
	at org.junit.runners.ParentRunner$1.schedule(ParentRunner.java:71)
	at org.junit.runners.ParentRunner.runChildren(ParentRunner.java:288)
	at org.junit.runners.ParentRunner.access$000(ParentRunner.java:58)
	at org.junit.runners.ParentRunner$2.evaluate(ParentRunner.java:268)
	at org.junit.runners.ParentRunner.run(ParentRunner.java:363)
	at org.gradle.api.internal.tasks.testing.junit.JUnitTestClassExecutor.runTestClass(JUnitTestClassExecutor.java:110)
	at org.gradle.api.internal.tasks.testing.junit.JUnitTestClassExecutor.execute(JUnitTestClassExecutor.java:58)
	at org.gradle.api.internal.tasks.testing.junit.JUnitTestClassExecutor.execute(JUnitTestClassExecutor.java:38)
	at org.gradle.api.internal.tasks.testing.junit.AbstractJUnitTestClassProcessor.processTestClass(AbstractJUnitTestClassProcessor.java:62)
	at org.gradle.api.internal.tasks.testing.SuiteTestClassProcessor.processTestClass(SuiteTestClassProcessor.java:51)
	at sun.reflect.NativeMethodAccessorImpl.invoke0(Native Method)
	at sun.reflect.NativeMethodAccessorImpl.invoke(NativeMethodAccessorImpl.java:62)
	at sun.reflect.DelegatingMethodAccessorImpl.invoke(DelegatingMethodAccessorImpl.java:43)
	at java.lang.reflect.Method.invoke(Method.java:498)
	at org.gradle.internal.dispatch.ReflectionDispatch.dispatch(ReflectionDispatch.java:36)
	at org.gradle.internal.dispatch.ReflectionDispatch.dispatch(ReflectionDispatch.java:24)
	at org.gradle.internal.dispatch.ContextClassLoaderDispatch.dispatch(ContextClassLoaderDispatch.java:33)
	at org.gradle.internal.dispatch.ProxyDispatchAdapter$DispatchingInvocationHandler.invoke(ProxyDispatchAdapter.java:94)
	at com.sun.proxy.$Proxy2.processTestClass(Unknown Source)
	at org.gradle.api.internal.tasks.testing.worker.TestWorker.processTestClass(TestWorker.java:118)
	at sun.reflect.NativeMethodAccessorImpl.invoke0(Native Method)
	at sun.reflect.NativeMethodAccessorImpl.invoke(NativeMethodAccessorImpl.java:62)
	at sun.reflect.DelegatingMethodAccessorImpl.invoke(DelegatingMethodAccessorImpl.java:43)
	at java.lang.reflect.Method.invoke(Method.java:498)
	at org.gradle.internal.dispatch.ReflectionDispatch.dispatch(ReflectionDispatch.java:36)
	at org.gradle.internal.dispatch.ReflectionDispatch.dispatch(ReflectionDispatch.java:24)
	at org.gradle.internal.remote.internal.hub.MessageHubBackedObjectConnection$DispatchWrapper.dispatch(MessageHubBackedObjectConnection.java:182)
	at org.gradle.internal.remote.internal.hub.MessageHubBackedObjectConnection$DispatchWrapper.dispatch(MessageHubBackedObjectConnection.java:164)
	at org.gradle.internal.remote.internal.hub.MessageHub$Handler.run(MessageHub.java:412)
	at org.gradle.internal.concurrent.ExecutorPolicy$CatchAndRecordFailures.onExecute(ExecutorPolicy.java:64)
	at org.gradle.internal.concurrent.ManagedExecutorImpl$1.run(ManagedExecutorImpl.java:48)
	at java.util.concurrent.ThreadPoolExecutor.runWorker(ThreadPoolExecutor.java:1149)
	at java.util.concurrent.ThreadPoolExecutor$Worker.run(ThreadPoolExecutor.java:624)
	at org.gradle.internal.concurrent.ThreadFactoryImpl$ManagedThreadRunnable.run(ThreadFactoryImpl.java:56)
	at java.lang.Thread.run(Thread.java:748)
]]></system-err>
</testsuite>
