<?xml version="1.0" encoding="UTF-8"?>
<testsuite name="com.bridgelabz.censusanalyser.test.CensusAnalyserTest" tests="1" skipped="0" failures="0" errors="0" timestamp="2020-09-09T19:37:34" hostname="DESKTOP-96O27FC" time="0.136">
  <properties/>
  <testcase name="givenIndianCensusData_WhenSortedOnStateCode_ShouldReturnSortResult" classname="com.bridgelabz.censusanalyser.test.CensusAnalyserTest" time="0.136"/>
  <system-out><![CDATA[]]></system-out>
  <system-err><![CDATA[]]></system-err>
</testsuite>
