<?xml version="1.0" encoding="UTF-8"?>
<testsuite name="com.bridgelabz.censusanalyser.test.CensusAnalyserTest" tests="1" skipped="0" failures="0" errors="0" timestamp="2020-09-08T20:02:53" hostname="DESKTOP-96O27FC" time="0.382">
  <properties/>
  <testcase name="givenIndianCensusData_WhenSortedOnPopulation_ShouldReturnSortResult" classname="com.bridgelabz.censusanalyser.test.CensusAnalyserTest" time="0.382"/>
  <system-out><![CDATA[IndiaCensusCSV{State='Sikkim', Population='607688', AreaInSqKm='7096', DensityPerSqKm='86'}
]]></system-out>
  <system-err><![CDATA[]]></system-err>
</testsuite>
