<?xml version="1.0" encoding="UTF-8"?>
<testsuite name="com.bridgelabz.censusanalyser.test.CensusAnalyserTest" tests="1" skipped="0" failures="0" errors="0" timestamp="2020-09-10T17:24:07" hostname="DESKTOP-96O27FC" time="0.376">
  <properties/>
  <testcase name="givenUSCensusData_WhenSortedOnPopulation_ShouldReturnSortResult" classname="com.bridgelabz.censusanalyser.test.CensusAnalyserTest" time="0.376"/>
  <system-out><![CDATA[CsvUSData{State='California', Population='37253956', area='403466.62', Population_Density='0.0'}
]]></system-out>
  <system-err><![CDATA[]]></system-err>
</testsuite>
