<?xml version="1.0" encoding="UTF-8"?>
<testsuite name="com.bridgelabz.censusanalyser.test.CensusAnalyserTest" tests="10" skipped="0" failures="0" errors="0" timestamp="2020-09-14T03:21:53" hostname="DESKTOP-96O27FC" time="1.439">
  <properties/>
  <testcase name="givenIndianCensusCSVFileReturnsCorrectRecords" classname="com.bridgelabz.censusanalyser.test.CensusAnalyserTest" time="0.733"/>
  <testcase name="givenUSCensusCSVFileReturnsCorrectRecords" classname="com.bridgelabz.censusanalyser.test.CensusAnalyserTest" time="0.114"/>
  <testcase name="givenIndiaCensusData_WithWrongDelimiter_ShouldThrowException" classname="com.bridgelabz.censusanalyser.test.CensusAnalyserTest" time="0.033"/>
  <testcase name="givenIndianCensusData_WhenSortedOnPopulation_ShouldReturnSortResult" classname="com.bridgelabz.censusanalyser.test.CensusAnalyserTest" time="0.331"/>
  <testcase name="givenIndianCensusData_WhenSortedOnStateArea_ShouldReturnSortResult" classname="com.bridgelabz.censusanalyser.test.CensusAnalyserTest" time="0.108"/>
  <testcase name="givenIndiaCensusData_WithWrongFileType_ShouldThrowException" classname="com.bridgelabz.censusanalyser.test.CensusAnalyserTest" time="0.005"/>
  <testcase name="givenIndiaCensusData_WithWrongHeader_ShouldThrowException" classname="com.bridgelabz.censusanalyser.test.CensusAnalyserTest" time="0.006"/>
  <testcase name="givenIndiaCensusData_WithWrongFile_ShouldThrowException" classname="com.bridgelabz.censusanalyser.test.CensusAnalyserTest" time="0.002"/>
  <testcase name="givenIndianCensusData_WhenSortedOnPopulationDensity_ShouldReturnSortResult" classname="com.bridgelabz.censusanalyser.test.CensusAnalyserTest" time="0.06"/>
  <testcase name="givenIndianCensusData_WhenSortedOnState_ShouldReturnSortResult" classname="com.bridgelabz.censusanalyser.test.CensusAnalyserTest" time="0.043"/>
  <system-out><![CDATA[IndiaCensusCSV{State='Uttar Pradesh', Population='199812341', AreaInSqKm='0', DensityPerSqKm='828'}
IndiaCensusCSV{State='Bihar', Population='103804637', AreaInSqKm='0', DensityPerSqKm='1102'}
IndiaCensusCSV{State='Bihar', Population='103804637', AreaInSqKm='0', DensityPerSqKm='1102'}
IndiaCensusCSV{State='Andhra Pradesh', Population='49386799', AreaInSqKm='0', DensityPerSqKm='303'}
]]></system-out>
  <system-err><![CDATA[]]></system-err>
</testsuite>
